<?xml version="1.0" encoding="UTF-8" ?>
<testsuite errors="0" failures="1" hostname="glenorchy.inf.ed.ac.uk" name="sdp.group2.geometry.TestVector" tests="1" time="0.059" timestamp="2014-03-05T04:54:49">
  <properties>
    <property name="env.DESKTOP_SESSION" value="default" />
    <property name="file.encoding.pkg" value="sun.io" />
    <property name="java.home" value="/usr/lib/jvm/java-1.7.0-openjdk-1.7.0.51.x86_64/jre" />
    <property name="env.CRICHTON_SYS" value="/etc/crichton.d" />
    <property name="env.DISPLAY" value=":0.0" />
    <property name="env.ENVIRONMENT" value="fc5 " />
    <property name="env.XDG_SESSION_COOKIE" value="aeffa453a48ef3fd107e580900000012-1393988721.174114-352163452" />
    <property name="java.endorsed.dirs" value="/usr/lib/jvm/java-1.7.0-openjdk-1.7.0.51.x86_64/jre/lib/endorsed" />
    <property name="env.LOGNAME" value="s1133753" />
    <property name="env.command_not_found_handle" value="() {  unset command_not_found_handle;" />
    <property name="src.dir" value="/afs/inf.ed.ac.uk/user/s11/s1133753/Desktop/Box/Courses/Year 3/Systems Design Project/sdp/pc/src" />
    <property name="env. pathfix_binary" value="/usr/local/bin/pathfix;
 fi;" />
    <property name="env.gnu" value="() {  command gnu -u $LOGNAME $*
}" />
    <property name="env.SESSION_MANAGER" value="local/unix:@/tmp/.ICE-unix/20963,unix/unix:/tmp/.ICE-unix/20963" />
    <property name="env.KDEDIRS" value="/usr" />
    <property name="sun.os.patch.level" value="unknown" />
    <property name="env.INSIDE_NAUTILUS_PYTHON" value="" />
    <property name="java.vendor.url" value="http://java.oracle.com/" />
    <property name="env. SORT" value="&quot;/usr/bin/_SortBashRC&quot;;" />
    <property name="env.G_BROKEN_FILENAMES" value="1" />
    <property name="java.version" value="1.7.0_51" />
    <property name="env.ORBIT_SOCKETDIR" value="/tmp/orbit-s1133753" />
    <property name="env. URI" value="&quot;qemu:///system&quot;;
 fi;
 virsh --connect $URI $@
}" />
    <property name="env.PYCHARM_JDK" value="/usr/lib/jvm/java-sun" />
    <property name="java.vendor.url.bug" value="http://bugreport.sun.com/bugreport/" />
    <property name="env.GVFS_DISABLE_FUSE" value="1" />
    <property name="ant.file.sdp" value="/afs/inf.ed.ac.uk/user/s11/s1133753/Desktop/Box/Courses/Year 3/Systems Design Project/sdp/pc/build.xml" />
    <property name="user.name" value="s1133753" />
    <property name="env.LANG" value="en_GB.UTF-8" />
    <property name="env.CVS_RSH" value="ssh" />
    <property name="sun.io.unicode.encoding" value="UnicodeLittle" />
    <property name="env. [ &quot;$new_PATH&quot; ] &amp;&amp; PATH" value="&quot;$new_PATH&quot;;
 export PATH
}" />
    <property name="sun.jnu.encoding" value="UTF-8" />
    <property name="env.DBUS_SESSION_BUS_ADDRESS" value="unix:abstract=/tmp/dbus-ZbImjL8p9f,guid=9a7e410fea363eb8a09e58fc000b7a08" />
    <property name="java.runtime.name" value="OpenJDK Runtime Environment" />
    <property name="env. exit" value="$?;
 dbg &quot;[exit $exit]&quot;;" />
    <property name="env.SSH_ASKPASS" value="/usr/libexec/openssh/gnome-ssh-askpass" />
    <property name="env.module" value="() {  eval `/usr/bin/modulecmd bash $*`
}" />
    <property name="lib.dir" value="/afs/inf.ed.ac.uk/user/s11/s1133753/Desktop/Box/Courses/Year 3/Systems Design Project/sdp/pc/lib" />
    <property name="java.specification.name" value="Java Platform API Specification" />
    <property name="user.timezone" value="" />
    <property name="env.LESSOPEN" value="|/usr/bin/lesspipe.sh %s" />
    <property name="path.separator" value=":" />
    <property name="env.XMODIFIERS" value="@im=none" />
    <property name="file.encoding" value="UTF-8" />
    <property name="env.HOME" value="/afs/inf.ed.ac.uk/user/s11/s1133753" />
    <property name="sun.java.command" value="org.apache.tools.ant.taskdefs.optional.junit.JUnitTestRunner sdp.group2.geometry.TestVector filtertrace=true haltOnError=false haltOnFailure=false formatter=org.apache.tools.ant.taskdefs.optional.junit.OutErrSummaryJUnitResultFormatter showoutput=true outputtoformatters=true logtestlistenerevents=true formatter=org.apache.tools.ant.taskdefs.optional.junit.XMLJUnitResultFormatter,/afs/inf.ed.ac.uk/user/s11/s1133753/Desktop/Box/Courses/Year 3/Systems Design Project/sdp/pc/TEST-sdp.group2.geometry.TestVector.xml crashfile=/afs/inf.ed.ac.uk/user/s11/s1133753/Desktop/Box/Courses/Year 3/Systems Design Project/sdp/pc/junitvmwatcher2018574694510731427.properties propsfile=/afs/inf.ed.ac.uk/user/s11/s1133753/Desktop/Box/Courses/Year 3/Systems Design Project/sdp/pc/junit5459061884787424051.properties" />
    <property name="ant.file" value="/afs/inf.ed.ac.uk/user/s11/s1133753/Desktop/Box/Courses/Year 3/Systems Design Project/sdp/pc/build.xml" />
    <property name="env.GTK_RC_FILES" value="/etc/gtk/gtkrc:/afs/inf.ed.ac.uk/user/s11/s1133753/.gtkrc-1.2-gnome2" />
    <property name="tests.dir" value="/afs/inf.ed.ac.uk/user/s11/s1133753/Desktop/Box/Courses/Year 3/Systems Design Project/sdp/pc/tests" />
    <property name="java.io.tmpdir" value="/tmp" />
    <property name="env.GNOME_KEYRING_PID" value="20961" />
    <property name="user.language" value="en" />
    <property name="line.separator" value="
" />
    <property name="env. if [[ &quot;$IFS&quot; !" value=" &apos; 	
&apos; ]]; then
 _command_not_found $*;
 fi;
 function dbg () 
 { 
 [[ -n $CRICHTON_DEBUG ]] &amp;&amp; echo $1 1&gt;&amp;2
 };" />
    <property name="env.SSH_AGENT_PID" value="21105" />
    <property name="env.purge" value="() {  rm -f *~ .*~ \#*\# tmp*
}" />
    <property name="java.vm.info" value="mixed mode" />
    <property name="sun.desktop" value="gnome" />
    <property name="java.vm.specification.name" value="Java Virtual Machine Specification" />
    <property name="env.COLORTERM" value="gnome-terminal" />
    <property name="env.EDITOR" value="/usr/bin/emacs" />
    <property name="env. PATTERN" value="&apos;[0-9][0-9][0-9].*&apos;;
 if [[ -n $CRICHTON_DEBUG ]]; then" />
    <property name="env.IDEA_JDK" value="/usr/lib/jvm/java-sun" />
    <property name="env.SHORT_HOSTNAME" value="glenorchy" />
    <property name="java.awt.printerjob" value="sun.print.PSPrinterJob" />
    <property name="env. new_PATH" value="`$pathfix_binary $@`;" />
    <property name="env.ASPELL_CONF" value="master british" />
    <property name="env.DM_CONTROL" value="/var/run/xdmctl" />
    <property name="ant.version" value="Apache Ant version 1.7.1 compiled on November 24 2010" />
    <property name="env.WINDOWID" value="37748740" />
    <property name="env._command_not_found" value="() {  echo &quot;bash: $1: command not found&quot; 1&gt;&amp;2
}" />
    <property name="env.CRICHTON_USR" value="/afs/inf.ed.ac.uk/user/s11/s1133753/.crichton.d" />
    <property name="env.LOADEDMODULES" value="" />
    <property name="env.CLASSPATH" value="" />
    <property name="os.name" value="Linux" />
    <property name="java.specification.vendor" value="Oracle Corporation" />
    <property name="env.TERM" value="xterm" />
    <property name="java.vm.name" value="OpenJDK 64-Bit Server VM" />
    <property name="env.resize" value="() {  eval `command resize`
}" />
    <property name="env.QT_IM_MODULE" value="xim" />
    <property name="env.GNUSTEP_MAKEFILES" value="/usr/lib64/GNUstep/Makefiles" />
    <property name="java.library.path" value="/afs/inf.ed.ac.uk/user/s11/s1133753/Desktop/Box/Courses/Year 3/Systems Design Project/sdp/pc/lib:/usr/java/packages/lib/amd64:/usr/lib64:/lib64:/lib:/usr/lib" />
    <property name="env.PATH" value="/usr/lib64/qt-3.3/bin:/home/s1133753/bin/:/usr/local/bin/:/usr/games:/usr/local/sbin:/usr/bin:/bin:/opt/sicstus-4.0.1/bin:/afs/inf.ed.ac.uk/user/s11/s1133753/bin" />
    <property name="env.rvirsh" value="() {  KVMHOST=$1;
 shift;
 if [ &quot;$KVMHOST&quot; ]; then" />
    <property name="ant.java.version" value="1.6" />
    <property name="basedir" value="/afs/inf.ed.ac.uk/user/s11/s1133753/Desktop/Box/Courses/Year 3/Systems Design Project/sdp/pc" />
    <property name="java.class.version" value="51.0" />
    <property name="env.SHLVL" value="2" />
    <property name="ant.home" value="/usr/share/ant" />
    <property name="env.MODULESHOME" value="/usr/share/Modules" />
    <property name="env.GNOME_KEYRING_SOCKET" value="/tmp/keyring-Ugn37r/socket" />
    <property name="env.BASH" value="/bin/sh" />
    <property name="env.MODULEPATH" value="/usr/share/Modules/modulefiles:/etc/modulefiles" />
    <property name="sun.boot.library.path" value="/usr/lib/jvm/java-1.7.0-openjdk-1.7.0.51.x86_64/jre/lib/amd64" />
    <property name="build.dir" value="/afs/inf.ed.ac.uk/user/s11/s1133753/Desktop/Box/Courses/Year 3/Systems Design Project/sdp/pc/bin" />
    <property name="env. if [ &quot;$KVMHOST&quot; " value=" &quot;.&quot; ]; then" />
    <property name="env.ENV_ROOT" value="/usr/share/defenv/bash" />
    <property name="sun.management.compiler" value="HotSpot 64-Bit Tiered Compilers" />
    <property name="java.awt.graphicsenv" value="sun.awt.X11GraphicsEnvironment" />
    <property name="reports.tests" value="/afs/inf.ed.ac.uk/user/s11/s1133753/Desktop/Box/Courses/Year 3/Systems Design Project/sdp/pc/report" />
    <property name="env.USER" value="s1133753" />
    <property name="env.colloq" value="() {  more /usr/local/alert/misc/coll
}" />
    <property name="env.GTK_IM_MODULE" value="gtk-im-context-simple" />
    <property name="ant.project.name" value="sdp" />
    <property name="java.vm.specification.version" value="1.7" />
    <property name="env.KDE_IS_PRELINKED" value="1" />
    <property name="env.MAPPATH" value="/etc/amd:/etc" />
    <property name="env. [[ $exit " value="= 0 ]] &amp;&amp; break;
 done;
 return 127
}" />
    <property name="env.NLSPATH" value="/usr/dt/lib/nls/msg/%L/%N.cat" />
    <property name="awt.toolkit" value="sun.awt.X11.XToolkit" />
    <property name="env. modules" value="$($SORT $CRICHTON_SYS/$PATTERN $CRICHTON_USR/$PATTERN 2&gt;&amp;-);
 fi;
 dbg &quot;- Found $(/bin/echo $modules | /usr/bin/wc -w 2&gt;&amp;-) modules.&quot;;
 for mod in ${modules} _command_not_found;
 do
 dbg &quot;-- $(/bin/basename $mod 2&gt;&amp;-)&quot;;" />
    <property name="env.PROMPT_COMMAND" value="echo -en &quot;\e]2;$USER @ $SHORT_HOSTNAME:$PWD\a\e]1;$SHORT_HOSTNAME\a&quot;" />
    <property name="sun.cpu.isalist" value="" />
    <property name="env.ROLES" value=" " />
    <property name="java.ext.dirs" value="/usr/lib/jvm/java-1.7.0-openjdk-1.7.0.51.x86_64/jre/lib/ext:/usr/java/packages/lib/ext" />
    <property name="os.version" value="2.6.32-358.6.2.el6.x86_64" />
    <property name="user.home" value="/afs/inf.ed.ac.uk/user/s11/s1133753" />
    <property name="java.vm.vendor" value="Oracle Corporation" />
    <property name="env. CRICHTON_SYS" value="$CRICHTON_SYS CRICHTON_USR=$CRICHTON_USR &quot;$mod&quot; $*;" />
    <property name="env.XAUTHORITY" value="/var/run/kdm/.XauthvsUIID" />
    <property name="user.dir" value="/afs/inf.ed.ac.uk/user/s11/s1133753/Desktop/Box/Courses/Year 3/Systems Design Project/sdp/pc" />
    <property name="env.XFILESEARCHPATH" value="/usr/dt/app-defaults/%L/Dt" />
    <property name="env.WINDOWPATH" value="7" />
    <property name="env.PWD" value="/afs/inf.ed.ac.uk/user/s11/s1133753/Desktop/Box/Courses/Year 3/Systems Design Project/sdp/pc" />
    <property name="sun.cpu.endian" value="little" />
    <property name="env.PYGTK_USE_GIL_STATE_API" value="" />
    <property name="env.QTLIB" value="/usr/lib64/qt-3.3/lib" />
    <property name="env.XPRINTER" value="xp_ps_spooldir_tmp_Xprintjobs" />
    <property name="java.vm.version" value="24.45-b08" />
    <property name="java.class.path" value="/afs/inf.ed.ac.uk/user/s11/s1133753/Desktop/Box/Courses/Year 3/Systems Design Project/sdp/pc/bin:/usr/share/java/junit-3.8.2.jar:/usr/share/java/ant-launcher-1.7.1.jar:/usr/share/java/ant-1.7.1.jar:/usr/share/java/ant/ant-junit-1.7.1.jar" />
    <property name="ant.library.dir" value="/usr/share/ant/lib" />
    <property name="env.QTDIR" value="/usr/lib64/qt-3.3" />
    <property name="os.arch" value="amd64" />
    <property name="env.SshAgent" value="/usr/bin/ssh-agent" />
    <property name="env.setup" value="() {  source /usr/local/share/setup/setup.sh $*
}" />
    <property name="sun.java.launcher" value="SUN_STANDARD" />
    <property name="env.IMSETTINGS_INTEGRATE_DESKTOP" value="yes" />
    <property name="ant.core.lib" value="/usr/share/java/ant-1.7.1.jar" />
    <property name="java.vm.specification.vendor" value="Oracle Corporation" />
    <property name="env.KRB5CCNAME" value="FILE:/tmp/krb5cc_644337_GBdvPG" />
    <property name="file.separator" value="/" />
    <property name="java.runtime.version" value="1.7.0_51-mockbuild_2014_01_14_19_09-b00" />
    <property name="sun.boot.class.path" value="/usr/lib/jvm/java-1.7.0-openjdk-1.7.0.51.x86_64/jre/lib/resources.jar:/usr/lib/jvm/java-1.7.0-openjdk-1.7.0.51.x86_64/jre/lib/rt.jar:/usr/lib/jvm/java-1.7.0-openjdk-1.7.0.51.x86_64/jre/lib/sunrsasign.jar:/usr/lib/jvm/java-1.7.0-openjdk-1.7.0.51.x86_64/jre/lib/jsse.jar:/usr/lib/jvm/java-1.7.0-openjdk-1.7.0.51.x86_64/jre/lib/jce.jar:/usr/lib/jvm/java-1.7.0-openjdk-1.7.0.51.x86_64/jre/lib/charsets.jar:/usr/lib/jvm/java-1.7.0-openjdk-1.7.0.51.x86_64/jre/lib/netx.jar:/usr/lib/jvm/java-1.7.0-openjdk-1.7.0.51.x86_64/jre/lib/plugin.jar:/usr/lib/jvm/java-1.7.0-openjdk-1.7.0.51.x86_64/jre/lib/rhino.jar:/usr/lib/jvm/java-1.7.0-openjdk-1.7.0.51.x86_64/jre/lib/jfr.jar:/usr/lib/jvm/java-1.7.0-openjdk-1.7.0.51.x86_64/jre/classes" />
    <property name="env.XDM_MANAGED" value="method=classic" />
    <property name="env.SSH_AUTH_SOCK" value="/tmp/keyring-Ugn37r/socket.ssh" />
    <property name="env.QTINC" value="/usr/lib64/qt-3.3/include" />
    <property name="user.country" value="GB" />
    <property name="env.SHELL" value="/bin/bash" />
    <property name="env.setpath" value="() {  if [ -f /usr/bin/pathfix ]; then" />
    <property name="java.vendor" value="Oracle Corporation" />
    <property name="env.IMSETTINGS_MODULE" value="none" />
    <property name="java.specification.version" value="1.7" />
    <property name="sun.arch.data.model" value="64" />
    <property name="env.GNOME_DESKTOP_SESSION_ID" value="this-is-deprecated" />
  </properties>
  <testcase classname="junit.framework.TestSuite$1" name="warning" time="0.008">
    <failure message="No tests found in sdp.group2.geometry.TestVector" type="junit.framework.AssertionFailedError">junit.framework.AssertionFailedError: No tests found in sdp.group2.geometry.TestVector
</failure>
  </testcase>
  <system-out><![CDATA[]]></system-out>
  <system-err><![CDATA[]]></system-err>
</testsuite>
